PRT1
90
250
4 1 29 (0 1024 896 ) (0 1024 318 ) (896 1024 318 ) (896 1024 896 ) 
4 1 19 (0 1024 598.461487 ) (0 1024 803.718018 ) (0 1088 803.718018 ) (0 1088 598.461548 ) 
4 1 17 (0 1024 803.718018 ) (0 1024 896 ) (0 1088 896 ) (0 1088 803.718018 ) 
4 1 16 (0 1024 318 ) (0 1024 598.461487 ) (0 1088 598.461548 ) (0 1088 318 ) 
4 1 14 (0 1536 896 ) (0 1590 896 ) (0 1590 318 ) (0 1536 318 ) 
4 1 15 (0 1088 896 ) (0 1536 896 ) (0 1536 318 ) (0 1088 318 ) 
4 1 7 (53 1076 318 ) (65 1076 318 ) (65 1075 318 ) (53 1075 318 ) 
4 1 6 (0 1088 318 ) (0 1536 318 ) (64 1536 318 ) (64 1088 318 ) 
4 1 5 (64 1536 318 ) (65 1536 318 ) (65 1076 318 ) (64 1076 318 ) 
4 1 3 (832 1536 318 ) (896 1536 318 ) (896 1024 318 ) (832 1024 318 ) 
4 1 4 (65 1536 318 ) (832 1536 318 ) (832 1024 318 ) (65 1024 318 ) 
4 1 2 (0 1536 318 ) (0 1590 318 ) (896 1590 318 ) (896 1536 318 ) 
4 2 14 (0 1536 318 ) (0 1590 318 ) (0 1590 192 ) (0 1536 192 ) 
4 2 6 (64 1536 318 ) (0 1536 318 ) (0 1536 192 ) (64 1536 192 ) 
4 2 5 (65 1536 318 ) (64 1536 318 ) (64 1536 192 ) (65 1536 192 ) 
4 2 3 (896 1536 192 ) (896 1536 318 ) (832 1536 318 ) (832 1536 192 ) 
4 2 4 (832 1536 318 ) (65 1536 318 ) (65 1536 192 ) (832 1536 192 ) 
4 3 30 (896 1024 192 ) (896 1024 318 ) (832 1024 318 ) (832 1024 192 ) 
4 3 4 (832 1536 318 ) (832 1536 192 ) (832 1024 192 ) (832 1024 318 ) 
4 4 31 (65 1024 64 ) (832 1024 64 ) (832 1024 318 ) (65 1024 318 ) 
4 4 12 (832 1039 64 ) (832 1024 64 ) (93.687561 1024 64 ) (93.687515 1039 64 ) 
4 4 10 (65 1536 64 ) (832 1536 64 ) (832 1039 64 ) (65 1039 64 ) 
4 4 8 (65 1075 64 ) (65 1024 64 ) (65 1024 220 ) (65 1075 220 ) 
4 4 7 (65 1076 64 ) (65 1075 64 ) (65 1075 318 ) (65 1076 318 ) 
4 4 5 (65 1536 318 ) (65 1536 64 ) (65 1076 64 ) (65 1076 318 ) 
4 5 10 (64 1536 64 ) (65 1536 64 ) (65 1076 64 ) (64 1076 64 ) 
4 5 7 (64 1076 64 ) (65 1076 64 ) (65 1076 318 ) (64 1076 318 ) 
4 5 6 (64 1536 318 ) (64 1536 64 ) (64 1088 64 ) (64 1088 318 ) 
4 6 15 (0 1088 318 ) (0 1536 318 ) (0 1536 64 ) (0 1088 64 ) 
4 6 13 (0 1088 64 ) (0 1536 64 ) (64 1536 64 ) (64 1088 64 ) 
4 7 10 (64 1076 64 ) (65 1076 64 ) (65 1075 64 ) (64 1075 64 ) 
4 7 9 (53 1076 284 ) (53 1076 64 ) (53 1075 64 ) (53 1075 284 ) 
4 7 8 (53 1075 220 ) (53 1075 64 ) (65 1075 64 ) (65 1075 220 ) 
4 8 32 (53 1024 64 ) (65 1024 64 ) (65 1024 220 ) (53 1024 220 ) 
4 8 10 (65 1075 64 ) (65 1039 64 ) (64 1039 64 ) (64 1075 64 ) 
4 8 9 (53 1075 64 ) (53 1024 64 ) (53 1024 220 ) (53 1075 220 ) 
4 9 33 (0 1024 284 ) (0 1024 64 ) (53 1024 64 ) (53 1024 284 ) 
4 9 22 (0 1024 64 ) (0 1024 284 ) (0 1076 284 ) (0 1076 64 ) 
4 10 13 (64 1088 64 ) (64 1536 64 ) (64 1536 0 ) (64 1088 0 ) 
4 10 12 (157.749054 1039 0 ) (832 1039 0 ) (832 1039 64 ) (93.687500 1039 64 ) 
3 10 11 (64 1039 54.696438 ) (64 1039 0 ) (118.749031 1039 0 ) 
3 11 36 (64 1024 0 ) (118.749031 1024 0 ) (64 1024 54.696438 ) 
4 12 37 (157.749054 1024 0 ) (832 1024 0 ) (832 1024 64 ) (93.687500 1024 64 ) 
4 13 15 (0 1088 64 ) (0 1536 64 ) (0 1536 0 ) (0 1088 0 ) 
4 14 26 (-1024 1536 192 ) (-1024 1536 896 ) (-1024 1590 896 ) (-1024 1590 192 ) 
4 14 15 (0 1536 192 ) (0 1536 896 ) (-1024 1536 896 ) (-1024 1536 192 ) 
4 15 27 (-1024 1536 0 ) (-1024 1088 0 ) (-1024 1088 896 ) (-1024 1536 896 ) 
4 15 25 (-1024 1088 0 ) (-448 1088 0 ) (-448 1088 64 ) (-1024 1088 64 ) 
4 15 21 (-457.097046 1088 314.528046 ) (-691.189392 1088 64 ) (-448 1088 64 ) (-448 1088 317.625732 ) 
4 15 20 (-453.852844 1088 318 ) (-1024 1088 318 ) (-1024 1088 64 ) (-691.189392 1088 64 ) 
4 15 19 (0 1088 598.461487 ) (0 1088 803.718018 ) (-430.291992 1088 343.214996 ) (-149 1088 439 ) 
3 15 18 (-446.900848 1088 318 ) (-262.061768 1088 318 ) (-175.804962 1088 410.313019 ) 
5 15 17 (0 1088 803.718018 ) (0 1088 896 ) (-1024 1088 896 ) (-1024 1088 318 ) (-453.852783 1088 318 ) 
3 15 16 (0 1088 318 ) (0 1088 598.461487 ) (-262.061768 1088 318 ) 
3 16 45 (0 1024 318 ) (0 1024 598.461487 ) (-262.061768 1024 318 ) 
4 16 19 (-148.997131 1024 439 ) (0 1024 598.459717 ) (0 1088 598.459717 ) (-148.997177 1088 439 ) 
4 16 18 (-262.059631 1088 318 ) (-262.059631 1024 318 ) (-175.802063 1024 410.313995 ) (-175.802078 1088 410.313995 ) 
5 17 46 (0 1024 803.718018 ) (0 1024 896 ) (-1024 1024 896 ) (-1024 1024 318 ) (-453.852783 1024 318 ) 
4 17 27 (-1024 1024 318 ) (-1024 1024 896 ) (-1024 1088 896 ) (-1024 1088 318 ) 
4 17 23 (-453.852783 1076 318 ) (-453.852814 1024 318 ) (-1024 1024 318 ) (-1024 1076 318 ) 
4 17 20 (-1024 1088 318 ) (-453.852783 1088 318 ) (-453.852783 1076 318 ) (-1024 1076 318 ) 
4 17 19 (-430.295197 1088 343.213898 ) (0 1088 803.721375 ) (0 1024 803.721313 ) (-430.295197 1024 343.213898 ) 
3 18 47 (-446.900848 1024 318 ) (-262.061768 1024 318 ) (-175.804962 1024 410.313019 ) 
4 19 48 (0 1024 598.461487 ) (0 1024 803.718018 ) (-430.291992 1024 343.214996 ) (-149 1024 439 ) 
4 20 27 (-1024 1076 318 ) (-1024 1088 318 ) (-1024 1088 64 ) (-1024 1076 64 ) 
4 20 25 (-1024 1076 64 ) (-1024 1088 64 ) (-691.189392 1088 64 ) (-691.189331 1076 64 ) 
4 20 23 (-1024 1076 64 ) (-691.189392 1076 64 ) (-453.852844 1076 318 ) (-1024 1076 318 ) 
4 20 21 (-457.102264 1076 314.526245 ) (-691.192993 1076 64 ) (-691.192993 1088 64 ) (-457.102234 1088 314.526245 ) 
4 21 25 (-691.189392 1088 64 ) (-448 1088 64 ) (-448 1076 64 ) (-691.189331 1076 64 ) 
4 21 24 (-691.189392 1076 64 ) (-448 1076 64 ) (-448 1076 317.625732 ) (-457.097046 1076 314.528046 ) 
4 22 52 (-272 1024 284 ) (-436 1024 284 ) (-436 1024 64 ) (-272 1024 64 ) 
4 22 51 (0 1024 64 ) (0 1024 111.659332 ) (-272 1024 111.659332 ) (-272 1024 64 ) 
4 22 49 (0 1024 226 ) (0 1024 284 ) (-272 1024 284 ) (-272 1024 226 ) 
4 22 50 (0 1024 111.659332 ) (0 1024 226 ) (-272 1024 226 ) (-272 1024 111.659332 ) 
4 23 53 (-453.852844 1024 318 ) (-1024 1024 318 ) (-1024 1024 64 ) (-691.189392 1024 64 ) 
4 23 27 (-1024 1024 64 ) (-1024 1024 318 ) (-1024 1076 318 ) (-1024 1076 64 ) 
4 23 25 (-691.189331 1024 64 ) (-1024 1024 64 ) (-1024 1076 64 ) (-691.189392 1076 64 ) 
4 23 24 (-691.191406 1024 64 ) (-691.191406 1076 64 ) (-457.100891 1076 314.526703 ) (-457.100891 1024 314.526703 ) 
4 24 54 (-457.097046 1024 314.528046 ) (-691.189392 1024 64 ) (-448 1024 64 ) (-448 1024 317.625732 ) 
4 24 25 (-448 1024 64 ) (-691.189331 1024 64 ) (-691.189392 1076 64 ) (-448 1076 64 ) 
4 25 67 (-1016 1024 0 ) (-835 1024 0 ) (-835 1024 15 ) (-1016 1024 15 ) 
4 25 66 (-835 1024 0 ) (-448 1024 0 ) (-448 1024 15 ) (-835 1024 15 ) 
4 25 69 (-1024 1024 15 ) (-1024 1024 0 ) (-1016 1024 0 ) (-1016 1024 15 ) 
4 25 63 (-1016 1024 15 ) (-1011 1024 15 ) (-1011 1024 51 ) (-1016 1024 51 ) 
4 25 64 (-1024 1024 51 ) (-1024 1024 15 ) (-1016 1024 15 ) (-1016 1024 51 ) 
4 25 61 (-1011 1024 15 ) (-843 1024 15 ) (-843 1024 51 ) (-1011 1024 51 ) 
4 25 60 (-843 1024 15 ) (-834 1024 15 ) (-834 1024 51 ) (-843 1024 51 ) 
4 25 59 (-834 1024 15 ) (-448 1024 15 ) (-448 1024 51 ) (-834 1024 51 ) 
4 25 57 (-448 1024 64 ) (-1024 1024 64 ) (-1024 1024 51 ) (-448 1024 51 ) 
4 25 27 (-1024 1024 0 ) (-1024 1024 64 ) (-1024 1088 64 ) (-1024 1088 0 ) 
4 26 28 (-1152 1536 192 ) (-1152 1536 896 ) (-1152 1590 896 ) (-1152 1590 192 ) 
4 26 27 (-1152 1536 896 ) (-1152 1536 192 ) (-1024 1536 192 ) (-1024 1536 896 ) 
4 27 81 (-1024 1024 0 ) (-1024 1024 896 ) (-1152 1024 896 ) (-1152 1024 0 ) 
4 27 28 (-1152 1024 192 ) (-1152 1024 896 ) (-1152 1536 896 ) (-1152 1536 192 ) 
4 28 82 (-1152 1024 896 ) (-1216 1024 896 ) (-1216 1024 192 ) (-1152 1024 192 ) 
4 29 55 (0 576 318 ) (0 0 318 ) (0 0 896 ) (0 576 896 ) 
4 29 48 (0 1024 803.718018 ) (0 1024 598.461548 ) (0 576 598.461487 ) (0 576 803.718018 ) 
4 29 46 (0 1024 896 ) (0 1024 803.718018 ) (0 576 803.718018 ) (0 576 896 ) 
4 29 45 (0 1024 598.461548 ) (0 1024 318 ) (0 576 318 ) (0 576 598.461487 ) 
4 29 40 (832 0 318 ) (896 0 318 ) (896 0 896 ) (832 0 896 ) 
4 29 41 (0 0 896 ) (0 0 318 ) (832 0 318 ) (832 0 896 ) 
4 29 35 (0 0 318 ) (0 576 318 ) (65 576 318 ) (65 0 318 ) 
4 29 30 (832 1024 318 ) (896 1024 318 ) (896 0 318 ) (832 0 318 ) 
4 29 31 (65 1024 318 ) (832 1024 318 ) (832 0 318 ) (65 0 318 ) 
4 30 40 (896 0 192 ) (896 0 318 ) (832 0 318 ) (832 0 192 ) 
4 30 31 (832 0 192 ) (832 0 318 ) (832 1024 318 ) (832 1024 192 ) 
4 31 41 (65 0 64 ) (832 0 64 ) (832 0 318 ) (65 0 318 ) 
4 31 37 (93.687515 1024 64 ) (832 1024 64 ) (832 964 64 ) (93.687561 964 64 ) 
4 31 38 (832 0 64 ) (65 0 64 ) (65 964 64 ) (832 964 64 ) 
4 31 32 (65 1024 64 ) (65 958 64 ) (65 958 220 ) (65 1024 220 ) 
4 31 35 (65 576 64 ) (65 0 64 ) (65 0 318 ) (65 576 318 ) 
4 32 38 (65 964 64 ) (65 958 64 ) (64 958 64 ) (64 964 64 ) 
4 32 33 (53 1024 64 ) (53 958 64 ) (53 958 220 ) (53 1024 220 ) 
4 33 51 (0 1024 111.659332 ) (0 1024 64 ) (0 588 64 ) (0 588 111.659332 ) 
4 33 49 (0 1024 284 ) (0 1024 226 ) (0 588 226 ) (0 588 284 ) 
4 33 50 (0 1024 226 ) (0 1024 111.659332 ) (0 588 111.659332 ) (0 588 226 ) 
4 33 34 (53 588 111.659332 ) (53 588 226 ) (0 588 226 ) (0 588 111.659332 ) 
4 34 50 (0 576 111.659332 ) (0 576 226 ) (0 588 226 ) (0 588 111.659332 ) 
4 34 35 (53 576 111.659332 ) (53 576 226 ) (0 576 226 ) (0 576 111.659332 ) 
4 35 55 (0 576 64 ) (0 0 64 ) (0 0 318 ) (0 576 318 ) 
4 35 41 (0 0 318 ) (0 0 64 ) (65 0 64 ) (65 0 318 ) 
4 35 39 (64 0 64 ) (0 0 64 ) (0 576 64 ) (64 576 64 ) 
4 35 38 (65 0 64 ) (64 0 64 ) (64 576 64 ) (65 576 64 ) 
3 36 38 (64 964 54.696438 ) (64 964 0 ) (118.749031 964 0 ) 
4 37 38 (157.749054 964 0 ) (832 964 0 ) (832 964 64 ) (93.687500 964 64 ) 
4 38 41 (64 0 0 ) (832 0 0 ) (832 0 64 ) (64 0 64 ) 
4 38 39 (64 576 0 ) (64 0 0 ) (64 0 64 ) (64 576 64 ) 
4 39 65 (0 576 0 ) (0 0 0 ) (0 0 15 ) (0 576 15 ) 
4 39 58 (0 0 15 ) (0 0 51 ) (0 576 51 ) (0 576 15 ) 
4 39 56 (0 0 51 ) (0 0 64 ) (0 576 64 ) (0 576 51 ) 
4 39 41 (0 0 64 ) (0 0 0 ) (64 0 0 ) (64 0 64 ) 
4 40 42 (896 -1024 896 ) (832 -1024 896 ) (832 -1024 192 ) (896 -1024 192 ) 
4 40 41 (832 -1024 192 ) (832 -1024 896 ) (832 0 896 ) (832 0 192 ) 
4 41 77 (0 -1024 0 ) (0 -1024 15 ) (0 0 15 ) (0 0 0 ) 
4 41 73 (0 -1024 15 ) (0 -1024 51 ) (0 -76 51 ) (0 -76 15 ) 
4 41 71 (0 -76 51 ) (0 0 51 ) (0 0 15 ) (0 -76 15 ) 
4 41 70 (0 -1024 51 ) (0 -1024 896 ) (0 0 896 ) (0 0 51 ) 
4 41 43 (832 -1024 896 ) (0 -1024 896 ) (0 -1024 0 ) (832 -1024 0 ) 
4 42 44 (832 -1344 192 ) (832 -1344 896 ) (832 -1216 896 ) (832 -1216 192 ) 
4 42 43 (832 -1216 896 ) (832 -1024 896 ) (832 -1024 192 ) (832 -1216 192 ) 
4 43 85 (0 -1024 896 ) (0 -1024 0 ) (0 -1216 0 ) (0 -1216 896 ) 
4 43 44 (832 -1216 192 ) (832 -1216 896 ) (0 -1216 896 ) (0 -1216 192 ) 
4 44 86 (0 -1344 192 ) (0 -1344 896 ) (0 -1216 896 ) (0 -1216 192 ) 
3 45 55 (0 576 318 ) (0 576 598.461487 ) (-262.061768 576 318 ) 
4 45 48 (-148.997131 576 439 ) (0 576 598.459717 ) (0 1024 598.459717 ) (-148.997116 1024 439 ) 
4 45 47 (-262.059601 1024 318 ) (-262.059601 576 318 ) (-175.802063 576 410.313995 ) (-175.802048 1024 410.313995 ) 
4 46 81 (-1024 1024 896 ) (-1024 1024 318 ) (-1024 576 318 ) (-1024 576 896 ) 
5 46 55 (0 576 803.718018 ) (0 576 896 ) (-1024 576 896 ) (-1024 576 318 ) (-453.852783 576 318 ) 
4 46 53 (-453.852814 576 318 ) (-1024 576 318 ) (-1024 1024 318 ) (-453.852783 1024 318 ) 
4 46 48 (-430.295197 1024 343.213898 ) (0 1024 803.721313 ) (0 576 803.721313 ) (-430.295197 576 343.213898 ) 
3 47 55 (-446.900848 576 318 ) (-262.061768 576 318 ) (-175.804962 576 410.313019 ) 
4 48 55 (0 576 598.461487 ) (0 576 803.718018 ) (-430.291992 576 343.214996 ) (-149 576 439 ) 
4 49 52 (-272 1024 284 ) (-272 1024 226 ) (-272 588 226 ) (-272 588 284 ) 
4 49 50 (-272 588 226 ) (-272 1024 226 ) (0 1024 226 ) (0 588 226 ) 
4 50 55 (0 576 111.659332 ) (0 576 226 ) (-272 576 226 ) (-272 576 111.659332 ) 
4 50 52 (-272 588 226 ) (-272 1024 226 ) (-272 1024 111.659332 ) (-272 588 111.659332 ) 
4 50 51 (-272 588 111.659332 ) (-272 1024 111.659332 ) (0 1024 111.659332 ) (0 588 111.659332 ) 
4 51 52 (-272 1024 64 ) (-272 588 64 ) (-272 588 111.659332 ) (-272 1024 111.659332 ) 
4 53 81 (-1024 1024 318 ) (-1024 1024 64 ) (-1024 576 64 ) (-1024 576 318 ) 
4 53 57 (-1024 576 64 ) (-1024 1024 64 ) (-691.189392 1024 64 ) (-691.189331 576 64 ) 
4 53 55 (-1024 576 64 ) (-691.189392 576 64 ) (-453.852844 576 318 ) (-1024 576 318 ) 
4 53 54 (-457.102936 576 314.526001 ) (-691.193420 576 64 ) (-691.193420 1024 64 ) (-457.102936 1024 314.526001 ) 
4 54 57 (-691.189392 1024 64 ) (-448 1024 64 ) (-448 576 64 ) (-691.189331 576 64 ) 
4 54 55 (-691.189392 576 64 ) (-448 576 64 ) (-448 576 317.625732 ) (-457.097046 576 314.528046 ) 
4 55 81 (-1024 576 64 ) (-1024 0 64 ) (-1024 0 896 ) (-1024 576 896 ) 
4 55 70 (0 0 64 ) (0 0 896 ) (-1024 0 896 ) (-1024 0 64 ) 
4 55 56 (-448 576 64 ) (0 576 64 ) (0 0 64 ) (-448 0 64 ) 
4 55 57 (-1024 0 64 ) (-1024 576 64 ) (-448 576 64 ) (-448 0 64 ) 
4 56 70 (0 0 51 ) (0 0 64 ) (-448 0 64 ) (-448 0 51 ) 
4 56 58 (0 0 51 ) (-448 0 51 ) (-448 576 51 ) (0 576 51 ) 
4 56 57 (-448 576 51 ) (-448 0 51 ) (-448 0 64 ) (-448 576 64 ) 
4 57 81 (-1024 1024 64 ) (-1024 1024 51 ) (-1024 0 51 ) (-1024 0 64 ) 
4 57 70 (-448 0 64 ) (-1024 0 64 ) (-1024 0 51 ) (-448 0 51 ) 
4 57 63 (-1016 224 51 ) (-1016 1024 51 ) (-1011 1024 51 ) (-1011 224 51 ) 
4 57 64 (-1016 0 51 ) (-1024 0 51 ) (-1024 1024 51 ) (-1016 1024 51 ) 
4 57 61 (-1011 224 51 ) (-1011 1024 51 ) (-843 1024 51 ) (-843 224 51 ) 
4 57 62 (-843 0 51 ) (-1011 0 51 ) (-1011 213 51 ) (-843 213 51 ) 
4 57 60 (-843 224 51 ) (-843 1024 51 ) (-834 1024 51 ) (-834 224 51 ) 
4 57 59 (-448 0 51 ) (-834 0 51 ) (-834 1024 51 ) (-448 1024 51 ) 
4 58 71 (0 0 15 ) (0 0 51 ) (-448 0 51 ) (-448 0 15 ) 
4 58 65 (0 576 15 ) (0 0 15 ) (-448 0 15 ) (-448 576 15 ) 
4 58 59 (-448 576 15 ) (-448 0 15 ) (-448 0 51 ) (-448 576 51 ) 
4 59 71 (-448 0 51 ) (-834 0 51 ) (-834 0 15 ) (-448 0 15 ) 
4 59 66 (-834 1024 15 ) (-448 1024 15 ) (-448 0 15 ) (-834 0 15 ) 
4 59 60 (-834 1024 15 ) (-834 224 15 ) (-834 224 51 ) (-834 1024 51 ) 
4 60 67 (-843 1024 15 ) (-835 1024 15 ) (-835 224 15 ) (-843 224 15 ) 
4 60 66 (-835 1024 15 ) (-834 1024 15 ) (-834 224 15 ) (-835 224 15 ) 
4 60 61 (-843 1024 15 ) (-843 224 15 ) (-843 224 51 ) (-843 1024 51 ) 
4 61 67 (-1011 1024 15 ) (-843 1024 15 ) (-843 224 15 ) (-1011 224 15 ) 
4 61 63 (-1011 1024 15 ) (-1011 224 15 ) (-1011 224 51 ) (-1011 1024 51 ) 
4 62 72 (-843 0 51 ) (-1011 0 51 ) (-1011 0 15 ) (-843 0 15 ) 
4 63 67 (-1016 1024 15 ) (-1011 1024 15 ) (-1011 224 15 ) (-1016 224 15 ) 
4 63 64 (-1016 1024 15 ) (-1016 224 15 ) (-1016 224 51 ) (-1016 1024 51 ) 
4 64 81 (-1024 1024 51 ) (-1024 1024 15 ) (-1024 0 15 ) (-1024 0 51 ) 
4 64 76 (-1016 0 51 ) (-1024 0 51 ) (-1024 0 15 ) (-1016 0 15 ) 
4 64 69 (-1024 0 15 ) (-1024 1024 15 ) (-1016 1024 15 ) (-1016 0 15 ) 
4 65 77 (0 0 0 ) (0 0 15 ) (-448 0 15 ) (-448 0 0 ) 
4 65 66 (-448 576 0 ) (-448 0 0 ) (-448 0 15 ) (-448 576 15 ) 
4 66 77 (-448 0 15 ) (-835 0 15 ) (-835 0 0 ) (-448 0 0 ) 
4 66 68 (-835 224 0 ) (-835 0 0 ) (-835 0 2 ) (-835 224 2 ) 
4 66 67 (-835 1024 0 ) (-835 224 0 ) (-835 224 15 ) (-835 1024 15 ) 
4 67 68 (-1016 224 2 ) (-1016 224 0 ) (-835 224 0 ) (-835 224 2 ) 
4 67 69 (-1016 1024 0 ) (-1016 224 0 ) (-1016 224 15 ) (-1016 1024 15 ) 
4 68 78 (-1016 0 2 ) (-1016 0 0 ) (-835 0 0 ) (-835 0 2 ) 
4 68 69 (-1016 224 0 ) (-1016 0 0 ) (-1016 0 2 ) (-1016 224 2 ) 
4 69 81 (-1024 1024 15 ) (-1024 1024 0 ) (-1024 0 0 ) (-1024 0 15 ) 
4 69 80 (-1016 0 15 ) (-1024 0 15 ) (-1024 0 0 ) (-1016 0 0 ) 
4 70 85 (0 -1024 51 ) (0 -1024 896 ) (-1024 -1024 896 ) (-1024 -1024 51 ) 
4 70 83 (-1024 -1024 51 ) (-1024 -1024 896 ) (-1024 0 896 ) (-1024 0 51 ) 
4 70 75 (-1011 -1024 51 ) (-1016 -1024 51 ) (-1016 -87 51 ) (-1011 -87 51 ) 
4 70 76 (-1016 -1024 51 ) (-1024 -1024 51 ) (-1024 0 51 ) (-1016 0 51 ) 
4 70 74 (-835 -1024 51 ) (-1011 -1024 51 ) (-1011 -87 51 ) (-835 -87 51 ) 
4 70 73 (0 -1024 51 ) (-835 -1024 51 ) (-835 -76 51 ) (0 -76 51 ) 
4 70 71 (-834 0 51 ) (0 0 51 ) (0 -76 51 ) (-834 -76 51 ) 
4 70 72 (-1011 -76 51 ) (-1011 0 51 ) (-843 0 51 ) (-843 -76 51 ) 
4 71 77 (-834 0 15 ) (0 0 15 ) (0 -76 15 ) (-834 -76 15 ) 
4 71 73 (-834 -76 15 ) (0 -76 15 ) (0 -76 51 ) (-834 -76 51 ) 
4 73 85 (0 -1024 15 ) (0 -1024 51 ) (-835 -1024 51 ) (-835 -1024 15 ) 
4 73 77 (0 -76 15 ) (0 -1024 15 ) (-835 -1024 15 ) (-835 -76 15 ) 
4 73 74 (-835 -87 15 ) (-835 -1024 15 ) (-835 -1024 51 ) (-835 -87 51 ) 
4 74 85 (-835 -1024 51 ) (-1011 -1024 51 ) (-1011 -1024 15 ) (-835 -1024 15 ) 
4 74 79 (-835 -1024 15 ) (-1011 -1024 15 ) (-1011 -87 15 ) (-835 -87 15 ) 
4 74 75 (-1011 -87 15 ) (-1011 -1024 15 ) (-1011 -1024 51 ) (-1011 -87 51 ) 
4 75 85 (-1011 -1024 51 ) (-1016 -1024 51 ) (-1016 -1024 15 ) (-1011 -1024 15 ) 
4 75 79 (-1011 -87 15 ) (-1011 -1024 15 ) (-1016 -1024 15 ) (-1016 -87 15 ) 
4 75 76 (-1016 -87 15 ) (-1016 -1024 15 ) (-1016 -1024 51 ) (-1016 -87 51 ) 
4 76 85 (-1016 -1024 51 ) (-1024 -1024 51 ) (-1024 -1024 15 ) (-1016 -1024 15 ) 
4 76 83 (-1024 -1024 15 ) (-1024 -1024 51 ) (-1024 0 51 ) (-1024 0 15 ) 
4 76 80 (-1024 -1024 15 ) (-1024 0 15 ) (-1016 0 15 ) (-1016 -1024 15 ) 
4 77 85 (0 -1024 0 ) (0 -1024 15 ) (-835 -1024 15 ) (-835 -1024 0 ) 
4 77 78 (-835 0 0 ) (-835 -87 0 ) (-835 -87 2 ) (-835 0 2 ) 
4 77 79 (-835 -87 0 ) (-835 -1024 0 ) (-835 -1024 15 ) (-835 -87 15 ) 
4 78 79 (-1016 -87 2 ) (-1016 -87 0 ) (-835 -87 0 ) (-835 -87 2 ) 
4 78 80 (-1016 0 0 ) (-1016 -87 0 ) (-1016 -87 2 ) (-1016 0 2 ) 
4 79 85 (-835 -1024 15 ) (-1016 -1024 15 ) (-1016 -1024 0 ) (-835 -1024 0 ) 
4 79 80 (-1016 -87 0 ) (-1016 -1024 0 ) (-1016 -1024 15 ) (-1016 -87 15 ) 
4 80 85 (-1016 -1024 15 ) (-1024 -1024 15 ) (-1024 -1024 0 ) (-1016 -1024 0 ) 
4 80 83 (-1024 -1024 0 ) (-1024 -1024 15 ) (-1024 0 15 ) (-1024 0 0 ) 
4 81 83 (-1024 0 0 ) (-1024 0 896 ) (-1152 0 896 ) (-1152 0 0 ) 
4 81 82 (-1152 0 192 ) (-1152 0 896 ) (-1152 1024 896 ) (-1152 1024 192 ) 
4 82 84 (-1152 0 896 ) (-1216 0 896 ) (-1216 0 192 ) (-1152 0 192 ) 
4 83 87 (-1024 -1024 0 ) (-1024 -1024 896 ) (-1152 -1024 896 ) (-1152 -1024 0 ) 
4 83 84 (-1152 -1024 192 ) (-1152 -1024 896 ) (-1152 0 896 ) (-1152 0 192 ) 
4 84 89 (-1152 -1024 896 ) (-1216 -1024 896 ) (-1216 -1024 192 ) (-1152 -1024 192 ) 
4 85 87 (-1024 -1024 896 ) (-1024 -1024 0 ) (-1024 -1216 0 ) (-1024 -1216 896 ) 
4 85 86 (0 -1216 192 ) (0 -1216 896 ) (-1024 -1216 896 ) (-1024 -1216 192 ) 
4 86 88 (-1024 -1344 192 ) (-1024 -1344 896 ) (-1024 -1216 896 ) (-1024 -1216 192 ) 
4 87 89 (-1152 -1216 192 ) (-1152 -1216 896 ) (-1152 -1024 896 ) (-1152 -1024 192 ) 
4 87 88 (-1152 -1216 896 ) (-1152 -1216 192 ) (-1024 -1216 192 ) (-1024 -1216 896 ) 
4 88 89 (-1152 -1344 192 ) (-1152 -1344 896 ) (-1152 -1216 896 ) (-1152 -1216 192 ) 
