


materialPath: E:\SteamLibrary\steamapps\common\Source SDK Base 2013 Singleplayer\hl2\materials
Loading D:\maps\hl2\map.vmf
Could not locate 'GameData' key in e:\steamlibrary\steamapps\common\source sdk base 2013 singleplayer\hl2\gameinfo.txt
Patching WVT material: maps/map/nature/blenddirtgrass008b_wvt_patch
fixing up env_cubemap materials on brush sides...
0...1...2...3...4...5...6...7...8...9...10**** leaked ****
Entity info_player_start (0.00 -1088.00 64.00) leaked!

FindPortalSide: Couldn't find a good match for which brush to assign to a portal near (448.0 3072.0 376.0)
Leaf 0 contents: CONTENTS_SOLID 
Leaf 1 contents: 
viscontents (node 0 contents ^ node 1 contents): CONTENTS_SOLID 
This means that none of the brushes in leaf 0 or 1 that touches the portal has CONTENTS_SOLID 
Check for a huge brush enclosing the coordinates above that has contents CONTENTS_SOLID 
Candidate brush IDs: 


FindPortalSide: Couldn't find a good match for which brush to assign to a portal near (448.0 3072.0 1544.0)
Leaf 0 contents: CONTENTS_SOLID 
Leaf 1 contents: 
viscontents (node 0 contents ^ node 1 contents): CONTENTS_SOLID 
This means that none of the brushes in leaf 0 or 1 that touches the portal has CONTENTS_SOLID 
Check for a huge brush enclosing the coordinates above that has contents CONTENTS_SOLID 
Candidate brush IDs: 


FindPortalSide: Couldn't find a good match for which brush to assign to a portal near (960.0 3072.0 736.0)
Leaf 0 contents: CONTENTS_SOLID 
Leaf 1 contents: 
viscontents (node 0 contents ^ node 1 contents): CONTENTS_SOLID 
This means that none of the brushes in leaf 0 or 1 that touches the portal has CONTENTS_SOLID 
Check for a huge brush enclosing the coordinates above that has contents CONTENTS_SOLID 
Candidate brush IDs: 


FindPortalSide: Couldn't find a good match for which brush to assign to a portal near (512.0 4096.0 736.0)
Leaf 0 contents: 
Leaf 1 contents: CONTENTS_SOLID 
viscontents (node 0 contents ^ node 1 contents): CONTENTS_SOLID 
This means that none of the brushes in leaf 0 or 1 that touches the portal has CONTENTS_SOLID 
Check for a huge brush enclosing the coordinates above that has contents CONTENTS_SOLID 
Candidate brush IDs: 


FindPortalSide: Couldn't find a good match for which brush to assign to a portal near (1024.0 3584.0 736.0)
Leaf 0 contents: 
Leaf 1 contents: CONTENTS_SOLID 
viscontents (node 0 contents ^ node 1 contents): CONTENTS_SOLID 
This means that none of the brushes in leaf 0 or 1 that touches the portal has CONTENTS_SOLID 
Check for a huge brush enclosing the coordinates above that has contents CONTENTS_SOLID 
Candidate brush IDs: 


FindPortalSide: Couldn't find a good match for which brush to assign to a portal near (-512.0 3072.0 376.0)
Leaf 0 contents: CONTENTS_SOLID 
Leaf 1 contents: 
viscontents (node 0 contents ^ node 1 contents): CONTENTS_SOLID 
This means that none of the brushes in leaf 0 or 1 that touches the portal has CONTENTS_SOLID 
Check for a huge brush enclosing the coordinates above that has contents CONTENTS_SOLID 
Candidate brush IDs: 


FindPortalSide: Couldn't find a good match for which brush to assign to a portal near (-512.0 3072.0 1544.0)
Leaf 0 contents: CONTENTS_SOLID 
Leaf 1 contents: 
viscontents (node 0 contents ^ node 1 contents): CONTENTS_SOLID 
This means that none of the brushes in leaf 0 or 1 that touches the portal has CONTENTS_SOLID 
Check for a huge brush enclosing the coordinates above that has contents CONTENTS_SOLID 
Candidate brush IDs: 


FindPortalSide: Couldn't find a good match for which brush to assign to a portal near (-512.0 4096.0 736.0)
Leaf 0 contents: 
Leaf 1 contents: CONTENTS_SOLID 
viscontents (node 0 contents ^ node 1 contents): CONTENTS_SOLID 
This means that none of the brushes in leaf 0 or 1 that touches the portal has CONTENTS_SOLID 
Check for a huge brush enclosing the coordinates above that has contents CONTENTS_SOLID 
Candidate brush IDs: 

*** Suppressing further FindPortalSide errors.... ***
Processing areas...done (0)
Building Faces...done (0)
FixTjuncs...
PruneNodes...
WriteBSP...
done (0)
Creating default LDR cubemaps for env_cubemap using skybox materials:
   skybox/sky_day03_05*.vmt
 ! Run buildcubemaps in the engine to get the correct cube maps.
Creating default HDR cubemaps for env_cubemap using skybox materials:
   skybox/sky_day03_05*.vmt
 ! Run buildcubemaps in the engine to get the correct cube maps.
Finding displacement neighbors...
Finding lightmap sample positions...
Displacement Alpha : 0...1...2...3...4...5...6...7...8...9...10
Building Physics collision data...
done (0) (9351 bytes)
Placing detail props : 0...1...2...3...4...5...6...7...8...9...10
Compacting texture/material tables...
Reduced 12 texinfos to 7
Reduced 4 texdatas to 3 (109 bytes to 83)
Writing D:\maps\hl2\map.bsp
0 seconds elapsed



6 threads
reading d:\maps\hl2\map.bsp
reading d:\maps\hl2\map.prt
LoadPortals: couldn't read d:\maps\hl2\map.prt



materialPath: E:\SteamLibrary\steamapps\common\Source SDK Base 2013 Singleplayer\hl2\materials
Loading D:\maps\hl2\map.vmf
Could not locate 'GameData' key in e:\steamlibrary\steamapps\common\source sdk base 2013 singleplayer\hl2\gameinfo.txt
Patching WVT material: maps/map/nature/blenddirtgrass008b_wvt_patch
fixing up env_cubemap materials on brush sides...
0...1...2...3...4...5...6...7...8...9...100...1...2...3...4...5...6...7...8...9...10Processing areas...done (0)
Building Faces...done (0)
FixTjuncs...
PruneNodes...
WriteBSP...
done (0)
writing D:\maps\hl2\map.prt...Building visibility clusters...
done (0)
Creating default LDR cubemaps for env_cubemap using skybox materials:
   skybox/sky_day03_05*.vmt
 ! Run buildcubemaps in the engine to get the correct cube maps.
Creating default HDR cubemaps for env_cubemap using skybox materials:
   skybox/sky_day03_05*.vmt
 ! Run buildcubemaps in the engine to get the correct cube maps.
Finding displacement neighbors...
Finding lightmap sample positions...
Displacement Alpha : 0...1...2...3...4...5...6...7...8...9...10
Building Physics collision data...
done (0) (9287 bytes)
Placing detail props : 0...1...2...3...4...5...6...7...8...9...10
Compacting texture/material tables...
Reduced 12 texinfos to 5
Reduced 4 texdatas to 3 (109 bytes to 83)
Writing D:\maps\hl2\map.bsp
0 seconds elapsed



6 threads
reading d:\maps\hl2\map.bsp
reading d:\maps\hl2\map.prt
  27 portalclusters
  45 numportals
0...1...2...3...4...5...6...7...8...9...100...1...2...3...4...5...6...7...8...9...10Optimized: 0 visible clusters (0.00%)
Total clusters visible: 677
Average clusters visible: 25
Building PAS...
Average clusters audible: 25
visdatasize:434  compressed from 432
writing d:\maps\hl2\map.bsp
0 seconds elapsed



Could not find lights.rad in lights.rad.
Trying VRAD BIN directory instead...
Warning: Couldn't open texlight file E:\SteamLibrary\steamapps\common\Source SDK Base 2013 Singleplayer\bin\lights.rad.
Loading d:\maps\hl2\map.bsp
145 faces
188568 square feet [27153920.00 square inches]
0 Displacements
0 Square Feet [0.00 Square Inches]
145 patches before subdivision
6193 patches after subdivision
0 direct lights
0...1...2...3...4...5...6...7...8...9...100...1...2...3...4...5...6...7...8...9...10transfers 291943, max 239
transfer lists:   2.2 megs
0...1...2...3...4...5...6...7...8...9...10	Bounce #1 added RGB(0, 0, 0)
Build Patch/Sample Hash Table(s).....Done<0.0014 sec>
0...1...2...3...4...5...6...7...8...9...10FinalLightFace Done
0 of 0 (0% of) surface lights went in leaf ambient cubes.
0...1...2...3...4...5...6...7...8...9...10Writing leaf ambient...done
Ready to Finish

Object names       Objects/Maxobjs  Memory / Maxmem  Fullness 
------------       ---------------  ---------------  -------- 
models                   1/1024           48/49152    ( 0.1%) 
brushes                 27/8192          324/98304    ( 0.3%) 
brushsides             162/65536        1296/524288   ( 0.2%) 
planes                  90/65536        1800/1310720  ( 0.1%) 
vertexes               213/65536        2556/786432   ( 0.3%) 
nodes                  109/65536        3488/2097152  ( 0.2%) 
texinfos                 5/12288         360/884736   ( 0.0%) 
texdata                  3/2048           96/65536    ( 0.1%) 
dispinfos                0/0               0/0        ( 0.0%) 
disp_verts               0/0               0/0        ( 0.0%) 
disp_tris                0/0               0/0        ( 0.0%) 
disp_lmsamples           0/0               0/0        ( 0.0%) 
faces                  145/65536        8120/3670016  ( 0.2%) 
hdr faces                0/65536           0/3670016  ( 0.0%) 
origfaces               20/65536        1120/3670016  ( 0.0%) 
leaves                 111/65536        3552/2097152  ( 0.2%) 
leaffaces              163/65536         326/131072   ( 0.2%) 
leafbrushes             91/65536         182/131072   ( 0.1%) 
areas                    3/256            24/2048     ( 1.2%) 
surfedges              716/512000       2864/2048000  ( 0.1%) 
edges                  390/256000       1560/1024000  ( 0.2%) 
LDR worldlights          0/8192            0/720896   ( 0.0%) 
HDR worldlights          0/8192            0/720896   ( 0.0%) 
leafwaterdata            0/32768           0/393216   ( 0.0%) 
waterstrips              8/32768          80/327680   ( 0.0%) 
waterverts               0/65536           0/786432   ( 0.0%) 
waterindices            96/65536         192/131072   ( 0.1%) 
cubemapsamples           0/1024            0/16384    ( 0.0%) 
overlays                 0/512             0/180224   ( 0.0%) 
LDR lightdata         [variable]      139592/0        ( 0.0%) 
HDR lightdata         [variable]           0/0        ( 0.0%) 
visdata               [variable]         434/16777216 ( 0.0%) 
entdata               [variable]         891/393216   ( 0.2%) 
LDR ambient table      111/65536         444/262144   ( 0.2%) 
HDR ambient table      111/65536         444/262144   ( 0.2%) 
LDR leaf ambient        29/65536         812/1835008  ( 0.0%) 
HDR leaf ambient       111/65536        3108/1835008  ( 0.2%) 
occluders                0/0               0/0        ( 0.0%) 
occluder polygons        0/0               0/0        ( 0.0%) 
occluder vert ind        0/0               0/0        ( 0.0%) 
detail props          [variable]           1/12       ( 8.3%) 
static props          [variable]           1/12       ( 8.3%) 
pakfile               [variable]       87307/0        ( 0.0%) 
physics               [variable]        9287/4194304  ( 0.2%) 
physics terrain       [variable]           2/1048576  ( 0.0%) 

Level flags = 0

Total triangle count: 346
Writing d:\maps\hl2\map.bsp
0 seconds elapsed



materialPath: E:\SteamLibrary\steamapps\common\Source SDK Base 2013 Singleplayer\hl2\materials
Loading D:\maps\hl2\map.vmf
Could not locate 'GameData' key in e:\steamlibrary\steamapps\common\source sdk base 2013 singleplayer\hl2\gameinfo.txt
Patching WVT material: maps/map/nature/blenddirtgrass008b_wvt_patch
fixing up env_cubemap materials on brush sides...
0...1...2...3...4...5...6...7...8...9...100...1...2...3...4...5...6...7...8...9...10Processing areas...done (0)
Building Faces...done (0)
FixTjuncs...
PruneNodes...
WriteBSP...
done (0)
writing D:\maps\hl2\map.prt...Building visibility clusters...
done (0)
Creating default LDR cubemaps for env_cubemap using skybox materials:
   skybox/sky_day03_05*.vmt
 ! Run buildcubemaps in the engine to get the correct cube maps.
Creating default HDR cubemaps for env_cubemap using skybox materials:
   skybox/sky_day03_05*.vmt
 ! Run buildcubemaps in the engine to get the correct cube maps.
Finding displacement neighbors...
Finding lightmap sample positions...
Displacement Alpha : 0...1...2...3...4...5...6...7...8...9...10
Building Physics collision data...
done (0) (9287 bytes)
Placing detail props : 0...1...2...3...4...5...6...7...8...9...10
Compacting texture/material tables...
Reduced 12 texinfos to 5
Reduced 4 texdatas to 3 (109 bytes to 83)
Writing D:\maps\hl2\map.bsp
0 seconds elapsed



6 threads
reading d:\maps\hl2\map.bsp
reading d:\maps\hl2\map.prt
  27 portalclusters
  45 numportals
0...1...2...3...4...5...6...7...8...9...100...1...2...3...4...5...6...7...8...9...10Optimized: 0 visible clusters (0.00%)
Total clusters visible: 677
Average clusters visible: 25
Building PAS...
Average clusters audible: 25
visdatasize:434  compressed from 432
writing d:\maps\hl2\map.bsp
0 seconds elapsed



Could not find lights.rad in lights.rad.
Trying VRAD BIN directory instead...
Warning: Couldn't open texlight file E:\SteamLibrary\steamapps\common\Source SDK Base 2013 Singleplayer\bin\lights.rad.
Loading d:\maps\hl2\map.bsp
145 faces
188568 square feet [27153920.00 square inches]
0 Displacements
0 Square Feet [0.00 Square Inches]
145 patches before subdivision
6193 patches after subdivision
0 direct lights
0...1...2...3...4...5...6...7...8...9...100...1...2...3...4...5...6...7...8...9...10transfers 291943, max 239
transfer lists:   2.2 megs
0...1...2...3...4...5...6...7...8...9...10	Bounce #1 added RGB(0, 0, 0)
Build Patch/Sample Hash Table(s).....Done<0.0013 sec>
0...1...2...3...4...5...6...7...8...9...10FinalLightFace Done
0 of 0 (0% of) surface lights went in leaf ambient cubes.
0...1...2...3...4...5...6...7...8...9...10Writing leaf ambient...done
Ready to Finish

Object names       Objects/Maxobjs  Memory / Maxmem  Fullness 
------------       ---------------  ---------------  -------- 
models                   1/1024           48/49152    ( 0.1%) 
brushes                 27/8192          324/98304    ( 0.3%) 
brushsides             162/65536        1296/524288   ( 0.2%) 
planes                  90/65536        1800/1310720  ( 0.1%) 
vertexes               213/65536        2556/786432   ( 0.3%) 
nodes                  109/65536        3488/2097152  ( 0.2%) 
texinfos                 5/12288         360/884736   ( 0.0%) 
texdata                  3/2048           96/65536    ( 0.1%) 
dispinfos                0/0               0/0        ( 0.0%) 
disp_verts               0/0               0/0        ( 0.0%) 
disp_tris                0/0               0/0        ( 0.0%) 
disp_lmsamples           0/0               0/0        ( 0.0%) 
faces                  145/65536        8120/3670016  ( 0.2%) 
hdr faces                0/65536           0/3670016  ( 0.0%) 
origfaces               20/65536        1120/3670016  ( 0.0%) 
leaves                 111/65536        3552/2097152  ( 0.2%) 
leaffaces              163/65536         326/131072   ( 0.2%) 
leafbrushes             91/65536         182/131072   ( 0.1%) 
areas                    3/256            24/2048     ( 1.2%) 
surfedges              716/512000       2864/2048000  ( 0.1%) 
edges                  390/256000       1560/1024000  ( 0.2%) 
LDR worldlights          0/8192            0/720896   ( 0.0%) 
HDR worldlights          0/8192            0/720896   ( 0.0%) 
leafwaterdata            0/32768           0/393216   ( 0.0%) 
waterstrips              8/32768          80/327680   ( 0.0%) 
waterverts               0/65536           0/786432   ( 0.0%) 
waterindices            96/65536         192/131072   ( 0.1%) 
cubemapsamples           0/1024            0/16384    ( 0.0%) 
overlays                 0/512             0/180224   ( 0.0%) 
LDR lightdata         [variable]      139592/0        ( 0.0%) 
HDR lightdata         [variable]           0/0        ( 0.0%) 
visdata               [variable]         434/16777216 ( 0.0%) 
entdata               [variable]         894/393216   ( 0.2%) 
LDR ambient table      111/65536         444/262144   ( 0.2%) 
HDR ambient table      111/65536         444/262144   ( 0.2%) 
LDR leaf ambient        29/65536         812/1835008  ( 0.0%) 
HDR leaf ambient       111/65536        3108/1835008  ( 0.2%) 
occluders                0/0               0/0        ( 0.0%) 
occluder polygons        0/0               0/0        ( 0.0%) 
occluder vert ind        0/0               0/0        ( 0.0%) 
detail props          [variable]           1/12       ( 8.3%) 
static props          [variable]           1/12       ( 8.3%) 
pakfile               [variable]       87307/0        ( 0.0%) 
physics               [variable]        9287/4194304  ( 0.2%) 
physics terrain       [variable]           2/1048576  ( 0.0%) 

Level flags = 0

Total triangle count: 346
Writing d:\maps\hl2\map.bsp
0 seconds elapsed



materialPath: E:\SteamLibrary\steamapps\common\Source SDK Base 2013 Singleplayer\hl2\materials
Loading D:\maps\hl2\map.vmf
Could not locate 'GameData' key in e:\steamlibrary\steamapps\common\source sdk base 2013 singleplayer\hl2\gameinfo.txt
Patching WVT material: maps/map/nature/blenddirtgrass008b_wvt_patch
fixing up env_cubemap materials on brush sides...
0...1...2...3...4...5...6...7...8...9...100...1...2...3...4...5...6...7...8...9...10Processing areas...done (0)
Building Faces...done (0)
FixTjuncs...
PruneNodes...
WriteBSP...
done (0)
writing D:\maps\hl2\map.prt...Building visibility clusters...
done (0)
Creating default LDR cubemaps for env_cubemap using skybox materials:
   skybox/sky_day03_05*.vmt
 ! Run buildcubemaps in the engine to get the correct cube maps.
Creating default HDR cubemaps for env_cubemap using skybox materials:
   skybox/sky_day03_05*.vmt
 ! Run buildcubemaps in the engine to get the correct cube maps.
Finding displacement neighbors...
Finding lightmap sample positions...
Displacement Alpha : 0...1...2...3...4...5...6...7...8...9...10
Building Physics collision data...
done (0) (9287 bytes)
Placing detail props : 0...1...2...3...4...5...6...7...8...9...10
Compacting texture/material tables...
Reduced 12 texinfos to 5
Reduced 4 texdatas to 3 (109 bytes to 83)
Writing D:\maps\hl2\map.bsp
0 seconds elapsed



6 threads
reading d:\maps\hl2\map.bsp
reading d:\maps\hl2\map.prt
  27 portalclusters
  45 numportals
0...1...2...3...4...5...6...7...8...9...100...1...2...3...4...5...6...7...8...9...10Optimized: 0 visible clusters (0.00%)
Total clusters visible: 677
Average clusters visible: 25
Building PAS...
Average clusters audible: 25
visdatasize:434  compressed from 432
writing d:\maps\hl2\map.bsp
0 seconds elapsed



Could not find lights.rad in lights.rad.
Trying VRAD BIN directory instead...
Warning: Couldn't open texlight file E:\SteamLibrary\steamapps\common\Source SDK Base 2013 Singleplayer\bin\lights.rad.
Loading d:\maps\hl2\map.bsp
145 faces
188568 square feet [27153920.00 square inches]
0 Displacements
0 Square Feet [0.00 Square Inches]
145 patches before subdivision
6193 patches after subdivision
2 direct lights
0...1...2...3...4...5...6...7...8...9...100...1...2...3...4...5...6...7...8...9...10transfers 291943, max 239
transfer lists:   2.2 megs
0...1...2...3...4...5...6...7...8...9...10	Bounce #1 added RGB(4495, 3193, 2008)
0...1...2...3...4...5...6...7...8...9...10	Bounce #2 added RGB(320, 153, 64)
0...1...2...3...4...5...6...7...8...9...10	Bounce #3 added RGB(12, 4, 1)
0...1...2...3...4...5...6...7...8...9...10	Bounce #4 added RGB(1, 0, 0)
Build Patch/Sample Hash Table(s).....Done<0.0013 sec>
0...1...2...3...4...5...6...7...8...9...10FinalLightFace Done
0 of 0 (0% of) surface lights went in leaf ambient cubes.
0...1...2...3...4...5...6...7...8...9...10Writing leaf ambient...done
Ready to Finish

Object names       Objects/Maxobjs  Memory / Maxmem  Fullness 
------------       ---------------  ---------------  -------- 
models                   1/1024           48/49152    ( 0.1%) 
brushes                 27/8192          324/98304    ( 0.3%) 
brushsides             162/65536        1296/524288   ( 0.2%) 
planes                  90/65536        1800/1310720  ( 0.1%) 
vertexes               213/65536        2556/786432   ( 0.3%) 
nodes                  109/65536        3488/2097152  ( 0.2%) 
texinfos                 5/12288         360/884736   ( 0.0%) 
texdata                  3/2048           96/65536    ( 0.1%) 
dispinfos                0/0               0/0        ( 0.0%) 
disp_verts               0/0               0/0        ( 0.0%) 
disp_tris                0/0               0/0        ( 0.0%) 
disp_lmsamples           0/0               0/0        ( 0.0%) 
faces                  145/65536        8120/3670016  ( 0.2%) 
hdr faces                0/65536           0/3670016  ( 0.0%) 
origfaces               20/65536        1120/3670016  ( 0.0%) 
leaves                 111/65536        3552/2097152  ( 0.2%) 
leaffaces              163/65536         326/131072   ( 0.2%) 
leafbrushes             91/65536         182/131072   ( 0.1%) 
areas                    3/256            24/2048     ( 1.2%) 
surfedges              716/512000       2864/2048000  ( 0.1%) 
edges                  390/256000       1560/1024000  ( 0.2%) 
LDR worldlights          2/8192          176/720896   ( 0.0%) 
HDR worldlights          0/8192            0/720896   ( 0.0%) 
leafwaterdata            0/32768           0/393216   ( 0.0%) 
waterstrips              8/32768          80/327680   ( 0.0%) 
waterverts               0/65536           0/786432   ( 0.0%) 
waterindices            96/65536         192/131072   ( 0.1%) 
cubemapsamples           0/1024            0/16384    ( 0.0%) 
overlays                 0/512             0/180224   ( 0.0%) 
LDR lightdata         [variable]      139592/0        ( 0.0%) 
HDR lightdata         [variable]           0/0        ( 0.0%) 
visdata               [variable]         434/16777216 ( 0.0%) 
entdata               [variable]         866/393216   ( 0.2%) 
LDR ambient table      111/65536         444/262144   ( 0.2%) 
HDR ambient table      111/65536         444/262144   ( 0.2%) 
LDR leaf ambient       277/65536        7756/1835008  ( 0.4%) 
HDR leaf ambient       111/65536        3108/1835008  ( 0.2%) 
occluders                0/0               0/0        ( 0.0%) 
occluder polygons        0/0               0/0        ( 0.0%) 
occluder vert ind        0/0               0/0        ( 0.0%) 
detail props          [variable]           1/12       ( 8.3%) 
static props          [variable]           1/12       ( 8.3%) 
pakfile               [variable]       87307/0        ( 0.0%) 
physics               [variable]        9287/4194304  ( 0.2%) 
physics terrain       [variable]           2/1048576  ( 0.0%) 

Level flags = 0

Total triangle count: 346
Writing d:\maps\hl2\map.bsp
0 seconds elapsed



materialPath: E:\SteamLibrary\steamapps\common\Source SDK Base 2013 Singleplayer\hl2\materials
Loading D:\maps\hl2\map.vmf
Could not locate 'GameData' key in e:\steamlibrary\steamapps\common\source sdk base 2013 singleplayer\hl2\gameinfo.txt
Patching WVT material: maps/map/nature/blenddirtgrass008b_wvt_patch
fixing up env_cubemap materials on brush sides...
0...1...2...3...4...5...6...7...8...9...100...1...2...3...4...5...6...7...8...9...10Processing areas...done (0)
Building Faces...done (0)
FixTjuncs...
PruneNodes...
WriteBSP...
done (0)
writing D:\maps\hl2\map.prt...Building visibility clusters...
done (0)
Creating default LDR cubemaps for env_cubemap using skybox materials:
   skybox/sky_day03_05*.vmt
 ! Run buildcubemaps in the engine to get the correct cube maps.
Creating default HDR cubemaps for env_cubemap using skybox materials:
   skybox/sky_day03_05*.vmt
 ! Run buildcubemaps in the engine to get the correct cube maps.
Finding displacement neighbors...
Finding lightmap sample positions...
Displacement Alpha : 0...1...2...3...4...5...6...7...8...9...10
Building Physics collision data...
done (0) (11326 bytes)
Placing detail props : 0...1...2...3...4...5...6...7...8...9...10
Compacting texture/material tables...
Reduced 27 texinfos to 17
Reduced 7 texdatas to 6 (180 bytes to 154)
Writing D:\maps\hl2\map.bsp
0 seconds elapsed



6 threads
reading d:\maps\hl2\map.bsp
reading d:\maps\hl2\map.prt
  47 portalclusters
 110 numportals
0...1...2...3...4...5...6...7...8...9...100...1...2...3...4...5...6...7...8...9...10Optimized: 0 visible clusters (0.00%)
Total clusters visible: 2079
Average clusters visible: 44
Building PAS...
Average clusters audible: 45
visdatasize:939  compressed from 752
writing d:\maps\hl2\map.bsp
0 seconds elapsed



Could not find lights.rad in lights.rad.
Trying VRAD BIN directory instead...
Warning: Couldn't open texlight file E:\SteamLibrary\steamapps\common\Source SDK Base 2013 Singleplayer\bin\lights.rad.
Loading d:\maps\hl2\map.bsp
190 faces
195711 square feet [28182400.00 square inches]
0 Displacements
0 Square Feet [0.00 Square Inches]
190 patches before subdivision
7100 patches after subdivision
2 direct lights
0...1...2...3...4...5...6...7...8...9...100...1...2...3...4...5...6...7...8...9...10transfers 382358, max 311
transfer lists:   2.9 megs
0...1...2...3...4...5...6...7...8...9...10	Bounce #1 added RGB(8489, 6776, 4807)
0...1...2...3...4...5...6...7...8...9...10	Bounce #2 added RGB(651, 355, 189)
0...1...2...3...4...5...6...7...8...9...10	Bounce #3 added RGB(49, 22, 11)
0...1...2...3...4...5...6...7...8...9...10	Bounce #4 added RGB(5, 1, 1)
0...1...2...3...4...5...6...7...8...9...10	Bounce #5 added RGB(1, 0, 0)
Build Patch/Sample Hash Table(s).....Done<0.0015 sec>
0...1...2...3...4...5...6...7...8...9...10FinalLightFace Done
0 of 0 (0% of) surface lights went in leaf ambient cubes.
0...1...2...3...4...5...6...7...8...9...10Writing leaf ambient...done
Ready to Finish

Object names       Objects/Maxobjs  Memory / Maxmem  Fullness 
------------       ---------------  ---------------  -------- 
models                   2/1024           96/49152    ( 0.2%) 
brushes                 32/8192          384/98304    ( 0.4%) 
brushsides             192/65536        1536/524288   ( 0.3%) 
planes                 144/65536        2880/1310720  ( 0.2%) 
vertexes               279/65536        3348/786432   ( 0.4%) 
nodes                  145/65536        4640/2097152  ( 0.2%) 
texinfos                17/12288        1224/884736   ( 0.1%) 
texdata                  6/2048          192/65536    ( 0.3%) 
dispinfos                0/0               0/0        ( 0.0%) 
disp_verts               0/0               0/0        ( 0.0%) 
disp_tris                0/0               0/0        ( 0.0%) 
disp_lmsamples           0/0               0/0        ( 0.0%) 
faces                  190/65536       10640/3670016  ( 0.3%) 
hdr faces                0/65536           0/3670016  ( 0.0%) 
origfaces               44/65536        2464/3670016  ( 0.1%) 
leaves                 148/65536        4736/2097152  ( 0.2%) 
leaffaces              225/65536         450/131072   ( 0.3%) 
leafbrushes            102/65536         204/131072   ( 0.2%) 
areas                    3/256            24/2048     ( 1.2%) 
surfedges             1022/512000       4088/2048000  ( 0.2%) 
edges                  553/256000       2212/1024000  ( 0.2%) 
LDR worldlights          2/8192          176/720896   ( 0.0%) 
HDR worldlights          0/8192            0/720896   ( 0.0%) 
leafwaterdata            0/32768           0/393216   ( 0.0%) 
waterstrips              8/32768          80/327680   ( 0.0%) 
waterverts               0/65536           0/786432   ( 0.0%) 
waterindices            96/65536         192/131072   ( 0.1%) 
cubemapsamples           0/1024            0/16384    ( 0.0%) 
overlays                 0/512             0/180224   ( 0.0%) 
LDR lightdata         [variable]      161740/0        ( 0.0%) 
HDR lightdata         [variable]           0/0        ( 0.0%) 
visdata               [variable]         939/16777216 ( 0.0%) 
entdata               [variable]        1359/393216   ( 0.3%) 
LDR ambient table      148/65536         592/262144   ( 0.2%) 
HDR ambient table      148/65536         592/262144   ( 0.2%) 
LDR leaf ambient       564/65536       15792/1835008  ( 0.9%) 
HDR leaf ambient       148/65536        4144/1835008  ( 0.2%) 
occluders                0/0               0/0        ( 0.0%) 
occluder polygons        0/0               0/0        ( 0.0%) 
occluder vert ind        0/0               0/0        ( 0.0%) 
detail props          [variable]           1/12       ( 8.3%) 
static props          [variable]           1/12       ( 8.3%) 
pakfile               [variable]       87307/0        ( 0.0%) 
physics               [variable]       11326/4194304  ( 0.3%) 
physics terrain       [variable]           2/1048576  ( 0.0%) 

Level flags = 0

Total triangle count: 466
Writing d:\maps\hl2\map.bsp
0 seconds elapsed



materialPath: E:\SteamLibrary\steamapps\common\Source SDK Base 2013 Singleplayer\hl2\materials
Loading D:\maps\hl2\map.vmf
Could not locate 'GameData' key in e:\steamlibrary\steamapps\common\source sdk base 2013 singleplayer\hl2\gameinfo.txt
Patching WVT material: maps/map/nature/blenddirtgrass008b_wvt_patch
fixing up env_cubemap materials on brush sides...
0...1...2...3...4...5...6...7...8...9...100...1...2...3...4...5...6...7...8...9...10Processing areas...done (0)
Building Faces...done (0)
FixTjuncs...
PruneNodes...
WriteBSP...
done (0)
writing D:\maps\hl2\map.prt...Building visibility clusters...
done (0)
Creating default LDR cubemaps for env_cubemap using skybox materials:
   skybox/sky_day03_05*.vmt
 ! Run buildcubemaps in the engine to get the correct cube maps.
Creating default HDR cubemaps for env_cubemap using skybox materials:
   skybox/sky_day03_05*.vmt
 ! Run buildcubemaps in the engine to get the correct cube maps.
Finding displacement neighbors...
Finding lightmap sample positions...
Displacement Alpha : 0...1...2...3...4...5...6...7...8...9...10
Building Physics collision data...
done (0) (11326 bytes)
Placing detail props : 0...1...2...3...4...5...6...7...8...9...10
Compacting texture/material tables...
Reduced 27 texinfos to 17
Reduced 7 texdatas to 6 (180 bytes to 154)
Writing D:\maps\hl2\map.bsp
0 seconds elapsed



6 threads
reading d:\maps\hl2\map.bsp
reading d:\maps\hl2\map.prt
  47 portalclusters
 110 numportals
0...1...2...3...4...5...6...7...8...9...100...1...2...3...4...5...6...7...8...9...10Optimized: 0 visible clusters (0.00%)
Total clusters visible: 2079
Average clusters visible: 44
Building PAS...
Average clusters audible: 45
visdatasize:939  compressed from 752
writing d:\maps\hl2\map.bsp
0 seconds elapsed



Could not find lights.rad in lights.rad.
Trying VRAD BIN directory instead...
Warning: Couldn't open texlight file E:\SteamLibrary\steamapps\common\Source SDK Base 2013 Singleplayer\bin\lights.rad.
Loading d:\maps\hl2\map.bsp
190 faces
195374 square feet [28133928.00 square inches]
0 Displacements
0 Square Feet [0.00 Square Inches]
190 patches before subdivision
7100 patches after subdivision
2 direct lights
0...1...2...3...4...5...6...7...8...9...100...1...2...3...4...5...6...7...8...9...10transfers 382314, max 285
transfer lists:   2.9 megs
0...1...2...3...4...5...6...7...8...9...10	Bounce #1 added RGB(8516, 6787, 4820)
0...1...2...3...4...5...6...7...8...9...10	Bounce #2 added RGB(657, 358, 190)
0...1...2...3...4...5...6...7...8...9...10	Bounce #3 added RGB(49, 22, 11)
0...1...2...3...4...5...6...7...8...9...10	Bounce #4 added RGB(5, 1, 1)
0...1...2...3...4...5...6...7...8...9...10	Bounce #5 added RGB(1, 0, 0)
Build Patch/Sample Hash Table(s).....Done<0.0016 sec>
0...1...2...3...4...5...6...7...8...9...10FinalLightFace Done
0 of 0 (0% of) surface lights went in leaf ambient cubes.
0...1...2...3...4...5...6...7...8...9...10Writing leaf ambient...done
Ready to Finish

Object names       Objects/Maxobjs  Memory / Maxmem  Fullness 
------------       ---------------  ---------------  -------- 
models                   2/1024           96/49152    ( 0.2%) 
brushes                 32/8192          384/98304    ( 0.4%) 
brushsides             192/65536        1536/524288   ( 0.3%) 
planes                 144/65536        2880/1310720  ( 0.2%) 
vertexes               279/65536        3348/786432   ( 0.4%) 
nodes                  145/65536        4640/2097152  ( 0.2%) 
texinfos                17/12288        1224/884736   ( 0.1%) 
texdata                  6/2048          192/65536    ( 0.3%) 
dispinfos                0/0               0/0        ( 0.0%) 
disp_verts               0/0               0/0        ( 0.0%) 
disp_tris                0/0               0/0        ( 0.0%) 
disp_lmsamples           0/0               0/0        ( 0.0%) 
faces                  190/65536       10640/3670016  ( 0.3%) 
hdr faces                0/65536           0/3670016  ( 0.0%) 
origfaces               44/65536        2464/3670016  ( 0.1%) 
leaves                 148/65536        4736/2097152  ( 0.2%) 
leaffaces              225/65536         450/131072   ( 0.3%) 
leafbrushes            102/65536         204/131072   ( 0.2%) 
areas                    3/256            24/2048     ( 1.2%) 
surfedges             1022/512000       4088/2048000  ( 0.2%) 
edges                  553/256000       2212/1024000  ( 0.2%) 
LDR worldlights          2/8192          176/720896   ( 0.0%) 
HDR worldlights          0/8192            0/720896   ( 0.0%) 
leafwaterdata            0/32768           0/393216   ( 0.0%) 
waterstrips              8/32768          80/327680   ( 0.0%) 
waterverts               0/65536           0/786432   ( 0.0%) 
waterindices            96/65536         192/131072   ( 0.1%) 
cubemapsamples           0/1024            0/16384    ( 0.0%) 
overlays                 0/512             0/180224   ( 0.0%) 
LDR lightdata         [variable]      160924/0        ( 0.0%) 
HDR lightdata         [variable]           0/0        ( 0.0%) 
visdata               [variable]         939/16777216 ( 0.0%) 
entdata               [variable]        1366/393216   ( 0.3%) 
LDR ambient table      148/65536         592/262144   ( 0.2%) 
HDR ambient table      148/65536         592/262144   ( 0.2%) 
LDR leaf ambient       518/65536       14504/1835008  ( 0.8%) 
HDR leaf ambient       148/65536        4144/1835008  ( 0.2%) 
occluders                0/0               0/0        ( 0.0%) 
occluder polygons        0/0               0/0        ( 0.0%) 
occluder vert ind        0/0               0/0        ( 0.0%) 
detail props          [variable]           1/12       ( 8.3%) 
static props          [variable]           1/12       ( 8.3%) 
pakfile               [variable]       87307/0        ( 0.0%) 
physics               [variable]       11326/4194304  ( 0.3%) 
physics terrain       [variable]           2/1048576  ( 0.0%) 

Level flags = 0

Total triangle count: 466
Writing d:\maps\hl2\map.bsp
0 seconds elapsed



materialPath: E:\SteamLibrary\steamapps\common\Source SDK Base 2013 Singleplayer\hl2\materials
Loading D:\maps\hl2\map.vmf
Could not locate 'GameData' key in e:\steamlibrary\steamapps\common\source sdk base 2013 singleplayer\hl2\gameinfo.txt
Patching WVT material: maps/map/nature/blenddirtgrass008b_wvt_patch
fixing up env_cubemap materials on brush sides...
0...1...2...3...4...5...6...7...8...9...100...1...2...3...4...5...6...7...8...9...10Processing areas...done (0)
Building Faces...done (0)
FixTjuncs...
PruneNodes...
WriteBSP...
done (0)
writing D:\maps\hl2\map.prt...Building visibility clusters...
done (0)
Creating default LDR cubemaps for env_cubemap using skybox materials:
   skybox/sky_day03_05*.vmt
 ! Run buildcubemaps in the engine to get the correct cube maps.
Creating default HDR cubemaps for env_cubemap using skybox materials:
   skybox/sky_day03_05*.vmt
 ! Run buildcubemaps in the engine to get the correct cube maps.
Finding displacement neighbors...
Finding lightmap sample positions...
Displacement Alpha : 0...1...2...3...4...5...6...7...8...9...10
Building Physics collision data...
done (0) (11326 bytes)
Placing detail props : 0...1...2...3...4...5...6...7...8...9...10
Compacting texture/material tables...
Reduced 27 texinfos to 17
Reduced 7 texdatas to 6 (180 bytes to 154)
Writing D:\maps\hl2\map.bsp
0 seconds elapsed



6 threads
reading d:\maps\hl2\map.bsp
reading d:\maps\hl2\map.prt
  47 portalclusters
 110 numportals
0...1...2...3...4...5...6...7...8...9...100...1...2...3...4...5...6...7...8...9...10Optimized: 0 visible clusters (0.00%)
Total clusters visible: 2079
Average clusters visible: 44
Building PAS...
Average clusters audible: 45
visdatasize:939  compressed from 752
writing d:\maps\hl2\map.bsp
0 seconds elapsed



Could not find lights.rad in lights.rad.
Trying VRAD BIN directory instead...
Warning: Couldn't open texlight file E:\SteamLibrary\steamapps\common\Source SDK Base 2013 Singleplayer\bin\lights.rad.
Loading d:\maps\hl2\map.bsp
190 faces
195374 square feet [28133928.00 square inches]
0 Displacements
0 Square Feet [0.00 Square Inches]
190 patches before subdivision
7100 patches after subdivision
2 direct lights
0...1...2...3...4...5...6...7...8...9...100...1...2...3...4...5...6...7...8...9...10transfers 382314, max 285
transfer lists:   2.9 megs
0...1...2...3...4...5...6...7...8...9...10	Bounce #1 added RGB(8516, 6787, 4820)
0...1...2...3...4...5...6...7...8...9...10	Bounce #2 added RGB(657, 358, 190)
0...1...2...3...4...5...6...7...8...9...10	Bounce #3 added RGB(49, 22, 11)
0...1...2...3...4...5...6...7...8...9...10	Bounce #4 added RGB(5, 1, 1)
0...1...2...3...4...5...6...7...8...9...10	Bounce #5 added RGB(1, 0, 0)
Build Patch/Sample Hash Table(s).....Done<0.0014 sec>
0...1...2...3...4...5...6...7...8...9...10FinalLightFace Done
0 of 0 (0% of) surface lights went in leaf ambient cubes.
0...1...2...3...4...5...6...7...8...9...10Writing leaf ambient...done
Ready to Finish

Object names       Objects/Maxobjs  Memory / Maxmem  Fullness 
------------       ---------------  ---------------  -------- 
models                   2/1024           96/49152    ( 0.2%) 
brushes                 32/8192          384/98304    ( 0.4%) 
brushsides             192/65536        1536/524288   ( 0.3%) 
planes                 144/65536        2880/1310720  ( 0.2%) 
vertexes               279/65536        3348/786432   ( 0.4%) 
nodes                  145/65536        4640/2097152  ( 0.2%) 
texinfos                17/12288        1224/884736   ( 0.1%) 
texdata                  6/2048          192/65536    ( 0.3%) 
dispinfos                0/0               0/0        ( 0.0%) 
disp_verts               0/0               0/0        ( 0.0%) 
disp_tris                0/0               0/0        ( 0.0%) 
disp_lmsamples           0/0               0/0        ( 0.0%) 
faces                  190/65536       10640/3670016  ( 0.3%) 
hdr faces                0/65536           0/3670016  ( 0.0%) 
origfaces               44/65536        2464/3670016  ( 0.1%) 
leaves                 148/65536        4736/2097152  ( 0.2%) 
leaffaces              225/65536         450/131072   ( 0.3%) 
leafbrushes            102/65536         204/131072   ( 0.2%) 
areas                    3/256            24/2048     ( 1.2%) 
surfedges             1022/512000       4088/2048000  ( 0.2%) 
edges                  553/256000       2212/1024000  ( 0.2%) 
LDR worldlights          2/8192          176/720896   ( 0.0%) 
HDR worldlights          0/8192            0/720896   ( 0.0%) 
leafwaterdata            0/32768           0/393216   ( 0.0%) 
waterstrips              8/32768          80/327680   ( 0.0%) 
waterverts               0/65536           0/786432   ( 0.0%) 
waterindices            96/65536         192/131072   ( 0.1%) 
cubemapsamples           0/1024            0/16384    ( 0.0%) 
overlays                 0/512             0/180224   ( 0.0%) 
LDR lightdata         [variable]      160924/0        ( 0.0%) 
HDR lightdata         [variable]           0/0        ( 0.0%) 
visdata               [variable]         939/16777216 ( 0.0%) 
entdata               [variable]        1997/393216   ( 0.5%) 
LDR ambient table      148/65536         592/262144   ( 0.2%) 
HDR ambient table      148/65536         592/262144   ( 0.2%) 
LDR leaf ambient       518/65536       14504/1835008  ( 0.8%) 
HDR leaf ambient       148/65536        4144/1835008  ( 0.2%) 
occluders                0/0               0/0        ( 0.0%) 
occluder polygons        0/0               0/0        ( 0.0%) 
occluder vert ind        0/0               0/0        ( 0.0%) 
detail props          [variable]           1/12       ( 8.3%) 
static props          [variable]           1/12       ( 8.3%) 
pakfile               [variable]       87307/0        ( 0.0%) 
physics               [variable]       11326/4194304  ( 0.3%) 
physics terrain       [variable]           2/1048576  ( 0.0%) 

Level flags = 0

Total triangle count: 466
Writing d:\maps\hl2\map.bsp
0 seconds elapsed



materialPath: E:\SteamLibrary\steamapps\common\Source SDK Base 2013 Singleplayer\hl2\materials
Loading D:\maps\hl2\map.vmf
Could not locate 'GameData' key in e:\steamlibrary\steamapps\common\source sdk base 2013 singleplayer\hl2\gameinfo.txt
Patching WVT material: maps/map/nature/blenddirtgrass008b_wvt_patch
fixing up env_cubemap materials on brush sides...
0...1...2...3...4...5...6...7...8...9...100...1...2...3...4...5...6...7...8...9...10Processing areas...done (0)
Building Faces...done (0)
FixTjuncs...
PruneNodes...
WriteBSP...
done (0)
writing D:\maps\hl2\map.prt...Building visibility clusters...
done (0)
Creating default LDR cubemaps for env_cubemap using skybox materials:
   skybox/sky_day03_05*.vmt
 ! Run buildcubemaps in the engine to get the correct cube maps.
Creating default HDR cubemaps for env_cubemap using skybox materials:
   skybox/sky_day03_05*.vmt
 ! Run buildcubemaps in the engine to get the correct cube maps.
Finding displacement neighbors...
Finding lightmap sample positions...
Displacement Alpha : 0...1...2...3...4...5...6...7...8...9...10
Building Physics collision data...
done (0) (11326 bytes)
Placing detail props : 0...1...2...3...4...5...6...7...8...9...10
Compacting texture/material tables...
Reduced 27 texinfos to 17
Reduced 7 texdatas to 6 (180 bytes to 154)
Writing D:\maps\hl2\map.bsp
0 seconds elapsed



6 threads
reading d:\maps\hl2\map.bsp
reading d:\maps\hl2\map.prt
  47 portalclusters
 110 numportals
0...1...2...3...4...5...6...7...8...9...100...1...2...3...4...5...6...7...8...9...10Optimized: 0 visible clusters (0.00%)
Total clusters visible: 2079
Average clusters visible: 44
Building PAS...
Average clusters audible: 45
visdatasize:939  compressed from 752
writing d:\maps\hl2\map.bsp
0 seconds elapsed



Could not find lights.rad in lights.rad.
Trying VRAD BIN directory instead...
Warning: Couldn't open texlight file E:\SteamLibrary\steamapps\common\Source SDK Base 2013 Singleplayer\bin\lights.rad.
Loading d:\maps\hl2\map.bsp
190 faces
195374 square feet [28133928.00 square inches]
0 Displacements
0 Square Feet [0.00 Square Inches]
190 patches before subdivision
7100 patches after subdivision
2 direct lights
0...1...2...3...4...5...6...7...8...9...100...1...2...3...4...5...6...7...8...9...10transfers 382314, max 285
transfer lists:   2.9 megs
0...1...2...3...4...5...6...7...8...9...10	Bounce #1 added RGB(8516, 6787, 4820)
0...1...2...3...4...5...6...7...8...9...10	Bounce #2 added RGB(657, 358, 190)
0...1...2...3...4...5...6...7...8...9...10	Bounce #3 added RGB(49, 22, 11)
0...1...2...3...4...5...6...7...8...9...10	Bounce #4 added RGB(5, 1, 1)
0...1...2...3...4...5...6...7...8...9...10	Bounce #5 added RGB(1, 0, 0)
Build Patch/Sample Hash Table(s).....Done<0.0015 sec>
0...1...2...3...4...5...6...7...8...9...10FinalLightFace Done
0 of 0 (0% of) surface lights went in leaf ambient cubes.
0...1...2...3...4...5...6...7...8...9...10Writing leaf ambient...done
Ready to Finish

Object names       Objects/Maxobjs  Memory / Maxmem  Fullness 
------------       ---------------  ---------------  -------- 
models                   2/1024           96/49152    ( 0.2%) 
brushes                 32/8192          384/98304    ( 0.4%) 
brushsides             192/65536        1536/524288   ( 0.3%) 
planes                 144/65536        2880/1310720  ( 0.2%) 
vertexes               279/65536        3348/786432   ( 0.4%) 
nodes                  145/65536        4640/2097152  ( 0.2%) 
texinfos                17/12288        1224/884736   ( 0.1%) 
texdata                  6/2048          192/65536    ( 0.3%) 
dispinfos                0/0               0/0        ( 0.0%) 
disp_verts               0/0               0/0        ( 0.0%) 
disp_tris                0/0               0/0        ( 0.0%) 
disp_lmsamples           0/0               0/0        ( 0.0%) 
faces                  190/65536       10640/3670016  ( 0.3%) 
hdr faces                0/65536           0/3670016  ( 0.0%) 
origfaces               44/65536        2464/3670016  ( 0.1%) 
leaves                 148/65536        4736/2097152  ( 0.2%) 
leaffaces              225/65536         450/131072   ( 0.3%) 
leafbrushes            102/65536         204/131072   ( 0.2%) 
areas                    3/256            24/2048     ( 1.2%) 
surfedges             1022/512000       4088/2048000  ( 0.2%) 
edges                  553/256000       2212/1024000  ( 0.2%) 
LDR worldlights          2/8192          176/720896   ( 0.0%) 
HDR worldlights          0/8192            0/720896   ( 0.0%) 
leafwaterdata            0/32768           0/393216   ( 0.0%) 
waterstrips              8/32768          80/327680   ( 0.0%) 
waterverts               0/65536           0/786432   ( 0.0%) 
waterindices            96/65536         192/131072   ( 0.1%) 
cubemapsamples           0/1024            0/16384    ( 0.0%) 
overlays                 0/512             0/180224   ( 0.0%) 
LDR lightdata         [variable]      160924/0        ( 0.0%) 
HDR lightdata         [variable]           0/0        ( 0.0%) 
visdata               [variable]         939/16777216 ( 0.0%) 
entdata               [variable]        1985/393216   ( 0.5%) 
LDR ambient table      148/65536         592/262144   ( 0.2%) 
HDR ambient table      148/65536         592/262144   ( 0.2%) 
LDR leaf ambient       518/65536       14504/1835008  ( 0.8%) 
HDR leaf ambient       148/65536        4144/1835008  ( 0.2%) 
occluders                0/0               0/0        ( 0.0%) 
occluder polygons        0/0               0/0        ( 0.0%) 
occluder vert ind        0/0               0/0        ( 0.0%) 
detail props          [variable]           1/12       ( 8.3%) 
static props          [variable]           1/12       ( 8.3%) 
pakfile               [variable]       87307/0        ( 0.0%) 
physics               [variable]       11326/4194304  ( 0.3%) 
physics terrain       [variable]           2/1048576  ( 0.0%) 

Level flags = 0

Total triangle count: 466
Writing d:\maps\hl2\map.bsp
0 seconds elapsed



materialPath: E:\SteamLibrary\steamapps\common\Source SDK Base 2013 Singleplayer\hl2\materials
Loading D:\maps\hl2\map.vmf
Could not locate 'GameData' key in e:\steamlibrary\steamapps\common\source sdk base 2013 singleplayer\hl2\gameinfo.txt
Patching WVT material: maps/map/nature/blenddirtgrass008b_wvt_patch
fixing up env_cubemap materials on brush sides...
0...1...2...3...4...5...6...7...8...9...100...1...2...3...4...5...6...7...8...9...10Processing areas...done (0)
Building Faces...done (0)
FixTjuncs...
PruneNodes...
WriteBSP...
done (0)
writing D:\maps\hl2\map.prt...Building visibility clusters...
done (0)
Creating default LDR cubemaps for env_cubemap using skybox materials:
   skybox/sky_day03_05*.vmt
 ! Run buildcubemaps in the engine to get the correct cube maps.
Creating default HDR cubemaps for env_cubemap using skybox materials:
   skybox/sky_day03_05*.vmt
 ! Run buildcubemaps in the engine to get the correct cube maps.
Finding displacement neighbors...
Finding lightmap sample positions...
Displacement Alpha : 0...1...2...3...4...5...6...7...8...9...10
Building Physics collision data...
done (0) (11326 bytes)
Placing detail props : 0...1...2...3...4...5...6...7...8...9...10
Compacting texture/material tables...
Reduced 27 texinfos to 17
Reduced 7 texdatas to 6 (180 bytes to 154)
Writing D:\maps\hl2\map.bsp
0 seconds elapsed



6 threads
reading d:\maps\hl2\map.bsp
reading d:\maps\hl2\map.prt
  47 portalclusters
 110 numportals
0...1...2...3...4...5...6...7...8...9...100...1...2...3...4...5...6...7...8...9...10Optimized: 0 visible clusters (0.00%)
Total clusters visible: 2079
Average clusters visible: 44
Building PAS...
Average clusters audible: 45
visdatasize:939  compressed from 752
writing d:\maps\hl2\map.bsp
0 seconds elapsed



Could not find lights.rad in lights.rad.
Trying VRAD BIN directory instead...
Warning: Couldn't open texlight file E:\SteamLibrary\steamapps\common\Source SDK Base 2013 Singleplayer\bin\lights.rad.
Loading d:\maps\hl2\map.bsp
190 faces
195374 square feet [28133928.00 square inches]
0 Displacements
0 Square Feet [0.00 Square Inches]
190 patches before subdivision
7100 patches after subdivision
2 direct lights
0...1...2...3...4...5...6...7...8...9...100...1...2...3...4...5...6...7...8...9...10transfers 382314, max 285
transfer lists:   2.9 megs
0...1...2...3...4...5...6...7...8...9...10	Bounce #1 added RGB(8516, 6787, 4820)
0...1...2...3...4...5...6...7...8...9...10	Bounce #2 added RGB(657, 358, 190)
0...1...2...3...4...5...6...7...8...9...10	Bounce #3 added RGB(49, 22, 11)
0...1...2...3...4...5...6...7...8...9...10	Bounce #4 added RGB(5, 1, 1)
0...1...2...3...4...5...6...7...8...9...10	Bounce #5 added RGB(1, 0, 0)
Build Patch/Sample Hash Table(s).....Done<0.0015 sec>
0...1...2...3...4...5...6...7...8...9...10FinalLightFace Done
0 of 0 (0% of) surface lights went in leaf ambient cubes.
0...1...2...3...4...5...6...7...8...9...10Writing leaf ambient...done
Ready to Finish

Object names       Objects/Maxobjs  Memory / Maxmem  Fullness 
------------       ---------------  ---------------  -------- 
models                   2/1024           96/49152    ( 0.2%) 
brushes                 32/8192          384/98304    ( 0.4%) 
brushsides             192/65536        1536/524288   ( 0.3%) 
planes                 144/65536        2880/1310720  ( 0.2%) 
vertexes               279/65536        3348/786432   ( 0.4%) 
nodes                  145/65536        4640/2097152  ( 0.2%) 
texinfos                17/12288        1224/884736   ( 0.1%) 
texdata                  6/2048          192/65536    ( 0.3%) 
dispinfos                0/0               0/0        ( 0.0%) 
disp_verts               0/0               0/0        ( 0.0%) 
disp_tris                0/0               0/0        ( 0.0%) 
disp_lmsamples           0/0               0/0        ( 0.0%) 
faces                  190/65536       10640/3670016  ( 0.3%) 
hdr faces                0/65536           0/3670016  ( 0.0%) 
origfaces               44/65536        2464/3670016  ( 0.1%) 
leaves                 148/65536        4736/2097152  ( 0.2%) 
leaffaces              225/65536         450/131072   ( 0.3%) 
leafbrushes            102/65536         204/131072   ( 0.2%) 
areas                    3/256            24/2048     ( 1.2%) 
surfedges             1022/512000       4088/2048000  ( 0.2%) 
edges                  553/256000       2212/1024000  ( 0.2%) 
LDR worldlights          2/8192          176/720896   ( 0.0%) 
HDR worldlights          0/8192            0/720896   ( 0.0%) 
leafwaterdata            0/32768           0/393216   ( 0.0%) 
waterstrips              8/32768          80/327680   ( 0.0%) 
waterverts               0/65536           0/786432   ( 0.0%) 
waterindices            96/65536         192/131072   ( 0.1%) 
cubemapsamples           0/1024            0/16384    ( 0.0%) 
overlays                 0/512             0/180224   ( 0.0%) 
LDR lightdata         [variable]      160924/0        ( 0.0%) 
HDR lightdata         [variable]           0/0        ( 0.0%) 
visdata               [variable]         939/16777216 ( 0.0%) 
entdata               [variable]        1985/393216   ( 0.5%) 
LDR ambient table      148/65536         592/262144   ( 0.2%) 
HDR ambient table      148/65536         592/262144   ( 0.2%) 
LDR leaf ambient       518/65536       14504/1835008  ( 0.8%) 
HDR leaf ambient       148/65536        4144/1835008  ( 0.2%) 
occluders                0/0               0/0        ( 0.0%) 
occluder polygons        0/0               0/0        ( 0.0%) 
occluder vert ind        0/0               0/0        ( 0.0%) 
detail props          [variable]           1/12       ( 8.3%) 
static props          [variable]           1/12       ( 8.3%) 
pakfile               [variable]       87307/0        ( 0.0%) 
physics               [variable]       11326/4194304  ( 0.3%) 
physics terrain       [variable]           2/1048576  ( 0.0%) 

Level flags = 0

Total triangle count: 466
Writing d:\maps\hl2\map.bsp
0 seconds elapsed



materialPath: E:\SteamLibrary\steamapps\common\Source SDK Base 2013 Singleplayer\hl2\materials
Loading d:\maps\hl2\map.vmf
Could not locate 'GameData' key in e:\steamlibrary\steamapps\common\source sdk base 2013 singleplayer\hl2\gameinfo.txt
Patching WVT material: maps/map/nature/blenddirtgrass008b_wvt_patch
fixing up env_cubemap materials on brush sides...
0...1...2...3...4...5...6...7...8...9...100...1...2...3...4...5...6...7...8...9...10Processing areas...done (0)
Building Faces...done (0)
FixTjuncs...
PruneNodes...
WriteBSP...
done (0)
writing d:\maps\hl2\map.prt...Building visibility clusters...
done (0)
Creating default LDR cubemaps for env_cubemap using skybox materials:
   skybox/sky_day03_05*.vmt
 ! Run buildcubemaps in the engine to get the correct cube maps.
Creating default HDR cubemaps for env_cubemap using skybox materials:
   skybox/sky_day03_05*.vmt
 ! Run buildcubemaps in the engine to get the correct cube maps.
Finding displacement neighbors...
Finding lightmap sample positions...
Displacement Alpha : 0...1...2...3...4...5...6...7...8...9...10
Building Physics collision data...
done (0) (13478 bytes)
Placing detail props : 0...1...2...3...4...5...6...7...8...9...10
Compacting texture/material tables...
Reduced 30 texinfos to 19
Reduced 8 texdatas to 6 (215 bytes to 154)
Writing d:\maps\hl2\map.bsp
0 seconds elapsed



6 threads
reading d:\maps\hl2\map.bsp
reading d:\maps\hl2\map.prt
  71 portalclusters
 189 numportals
0...1...2...3...4...5...6...7...8...9...100...1...2...3...4...5...6...7...8...9...10Optimized: 7 visible clusters (0.17%)
Total clusters visible: 4100
Average clusters visible: 57
Building PAS...
Average clusters audible: 69
visdatasize:1839  compressed from 2272
writing d:\maps\hl2\map.bsp
0 seconds elapsed



Could not find lights.rad in lights.rad.
Trying VRAD BIN directory instead...
Warning: Couldn't open texlight file E:\SteamLibrary\steamapps\common\Source SDK Base 2013 Singleplayer\bin\lights.rad.
Loading d:\maps\hl2\map.bsp
253 faces
203851 square feet [29354562.00 square inches]
0 Displacements
0 Square Feet [0.00 Square Inches]
253 patches before subdivision
8019 patches after subdivision
2 direct lights
0...1...2...3...4...5...6...7...8...9...100...1...2...3...4...5...6...7...8...9...10transfers 499047, max 322
transfer lists:   3.8 megs
0...1...2...3...4...5...6...7...8...9...10	Bounce #1 added RGB(9995, 2520, 1359)
0...1...2...3...4...5...6...7...8...9...10	Bounce #2 added RGB(690, 146, 60)
0...1...2...3...4...5...6...7...8...9...10	Bounce #3 added RGB(78, 13, 5)
0...1...2...3...4...5...6...7...8...9...10	Bounce #4 added RGB(11, 2, 1)
0...1...2...3...4...5...6...7...8...9...10	Bounce #5 added RGB(2, 0, 0)
0...1...2...3...4...5...6...7...8...9...10	Bounce #6 added RGB(0, 0, 0)
Build Patch/Sample Hash Table(s).....Done<0.0019 sec>
0...1...2...3...4...5...6...7...8...9...10FinalLightFace Done
0 of 0 (0% of) surface lights went in leaf ambient cubes.
0...1...2...3...4...5...6...7...8...9...10Writing leaf ambient...done
Ready to Finish

Object names       Objects/Maxobjs  Memory / Maxmem  Fullness 
------------       ---------------  ---------------  -------- 
models                   1/1024           48/49152    ( 0.1%) 
brushes                 38/8192          456/98304    ( 0.5%) 
brushsides             232/65536        1856/524288   ( 0.4%) 
planes                 150/65536        3000/1310720  ( 0.2%) 
vertexes               375/65536        4500/786432   ( 0.6%) 
nodes                  185/65536        5920/2097152  ( 0.3%) 
texinfos                19/12288        1368/884736   ( 0.2%) 
texdata                  6/2048          192/65536    ( 0.3%) 
dispinfos                0/0               0/0        ( 0.0%) 
disp_verts               0/0               0/0        ( 0.0%) 
disp_tris                0/0               0/0        ( 0.0%) 
disp_lmsamples           0/0               0/0        ( 0.0%) 
faces                  253/65536       14168/3670016  ( 0.4%) 
hdr faces                0/65536           0/3670016  ( 0.0%) 
origfaces               69/65536        3864/3670016  ( 0.1%) 
leaves                 187/65536        5984/2097152  ( 0.3%) 
leaffaces              297/65536         594/131072   ( 0.5%) 
leafbrushes            134/65536         268/131072   ( 0.2%) 
areas                    3/256            24/2048     ( 1.2%) 
surfedges             1428/512000       5712/2048000  ( 0.3%) 
edges                  786/256000       3144/1024000  ( 0.3%) 
LDR worldlights          2/8192          176/720896   ( 0.0%) 
HDR worldlights          0/8192            0/720896   ( 0.0%) 
leafwaterdata            0/32768           0/393216   ( 0.0%) 
waterstrips             12/32768         120/327680   ( 0.0%) 
waterverts               0/65536           0/786432   ( 0.0%) 
waterindices           150/65536         300/131072   ( 0.2%) 
cubemapsamples           0/1024            0/16384    ( 0.0%) 
overlays                 0/512             0/180224   ( 0.0%) 
LDR lightdata         [variable]      211088/0        ( 0.0%) 
HDR lightdata         [variable]           0/0        ( 0.0%) 
visdata               [variable]        1839/16777216 ( 0.0%) 
entdata               [variable]         870/393216   ( 0.2%) 
LDR ambient table      187/65536         748/262144   ( 0.3%) 
HDR ambient table      187/65536         748/262144   ( 0.3%) 
LDR leaf ambient       681/65536       19068/1835008  ( 1.0%) 
HDR leaf ambient       187/65536        5236/1835008  ( 0.3%) 
occluders                0/0               0/0        ( 0.0%) 
occluder polygons        0/0               0/0        ( 0.0%) 
occluder vert ind        0/0               0/0        ( 0.0%) 
detail props          [variable]           1/12       ( 8.3%) 
static props          [variable]           1/12       ( 8.3%) 
pakfile               [variable]      174231/0        ( 0.0%) 
physics               [variable]       13478/4194304  ( 0.3%) 
physics terrain       [variable]           2/1048576  ( 0.0%) 

Level flags = 0

Total triangle count: 646
Writing d:\maps\hl2\map.bsp
1 second elapsed



materialPath: E:\SteamLibrary\steamapps\common\Source SDK Base 2013 Singleplayer\hl2\materials
Loading d:\maps\hl2\map.vmf
Could not locate 'GameData' key in e:\steamlibrary\steamapps\common\source sdk base 2013 singleplayer\hl2\gameinfo.txt
Patching WVT material: maps/map/nature/blenddirtgrass008b_wvt_patch
fixing up env_cubemap materials on brush sides...
0...1...2...3...4...5...6...7...8...9...100...1...2...3...4...5...6...7...8...9...10Processing areas...done (0)
Building Faces...done (0)
FixTjuncs...
PruneNodes...
WriteBSP...
done (0)
writing d:\maps\hl2\map.prt...Building visibility clusters...
done (0)
Creating default LDR cubemaps for env_cubemap using skybox materials:
   skybox/sky_day01_08*.vmt
 ! Run buildcubemaps in the engine to get the correct cube maps.
Creating default HDR cubemaps for env_cubemap using skybox materials:
   skybox/sky_day01_08*.vmt
 ! Run buildcubemaps in the engine to get the correct cube maps.
Finding displacement neighbors...
Finding lightmap sample positions...
Displacement Alpha : 0...1...2...3...4...5...6...7...8...9...10
Building Physics collision data...
done (0) (13478 bytes)
Placing detail props : 0...1...2...3...4...5...6...7...8...9...10
Compacting texture/material tables...
Reduced 30 texinfos to 19
Reduced 8 texdatas to 6 (215 bytes to 154)
Writing d:\maps\hl2\map.bsp
0 seconds elapsed



6 threads
reading d:\maps\hl2\map.bsp
reading d:\maps\hl2\map.prt
  71 portalclusters
 189 numportals
0...1...2...3...4...5...6...7...8...9...100...1...2...3...4...5...6...7...8...9...10Optimized: 7 visible clusters (0.17%)
Total clusters visible: 4100
Average clusters visible: 57
Building PAS...
Average clusters audible: 69
visdatasize:1839  compressed from 2272
writing d:\maps\hl2\map.bsp
0 seconds elapsed



Could not find lights.rad in lights.rad.
Trying VRAD BIN directory instead...
Warning: Couldn't open texlight file E:\SteamLibrary\steamapps\common\Source SDK Base 2013 Singleplayer\bin\lights.rad.
Loading d:\maps\hl2\map.bsp
253 faces
203851 square feet [29354562.00 square inches]
0 Displacements
0 Square Feet [0.00 Square Inches]
253 patches before subdivision
8019 patches after subdivision
2 direct lights
0...1...2...3...4...5...6...7...8...9...100...1...2...3...4...5...6...7...8...9...10transfers 499047, max 322
transfer lists:   3.8 megs
0...1...2...3...4...5...6...7...8...9...10	Bounce #1 added RGB(9995, 2520, 1359)
0...1...2...3...4...5...6...7...8...9...10	Bounce #2 added RGB(690, 146, 60)
0...1...2...3...4...5...6...7...8...9...10	Bounce #3 added RGB(78, 13, 5)
0...1...2...3...4...5...6...7...8...9...10	Bounce #4 added RGB(11, 2, 1)
0...1...2...3...4...5...6...7...8...9...10	Bounce #5 added RGB(2, 0, 0)
0...1...2...3...4...5...6...7...8...9...10	Bounce #6 added RGB(0, 0, 0)
Build Patch/Sample Hash Table(s).....Done<0.0016 sec>
0...1...2...3...4...5...6...7...8...9...10FinalLightFace Done
0 of 0 (0% of) surface lights went in leaf ambient cubes.
0...1...2...3...4...5...6...7...8...9...10Writing leaf ambient...done
Ready to Finish

Object names       Objects/Maxobjs  Memory / Maxmem  Fullness 
------------       ---------------  ---------------  -------- 
models                   1/1024           48/49152    ( 0.1%) 
brushes                 38/8192          456/98304    ( 0.5%) 
brushsides             232/65536        1856/524288   ( 0.4%) 
planes                 150/65536        3000/1310720  ( 0.2%) 
vertexes               375/65536        4500/786432   ( 0.6%) 
nodes                  185/65536        5920/2097152  ( 0.3%) 
texinfos                19/12288        1368/884736   ( 0.2%) 
texdata                  6/2048          192/65536    ( 0.3%) 
dispinfos                0/0               0/0        ( 0.0%) 
disp_verts               0/0               0/0        ( 0.0%) 
disp_tris                0/0               0/0        ( 0.0%) 
disp_lmsamples           0/0               0/0        ( 0.0%) 
faces                  253/65536       14168/3670016  ( 0.4%) 
hdr faces                0/65536           0/3670016  ( 0.0%) 
origfaces               69/65536        3864/3670016  ( 0.1%) 
leaves                 187/65536        5984/2097152  ( 0.3%) 
leaffaces              297/65536         594/131072   ( 0.5%) 
leafbrushes            134/65536         268/131072   ( 0.2%) 
areas                    3/256            24/2048     ( 1.2%) 
surfedges             1428/512000       5712/2048000  ( 0.3%) 
edges                  786/256000       3144/1024000  ( 0.3%) 
LDR worldlights          2/8192          176/720896   ( 0.0%) 
HDR worldlights          0/8192            0/720896   ( 0.0%) 
leafwaterdata            0/32768           0/393216   ( 0.0%) 
waterstrips             12/32768         120/327680   ( 0.0%) 
waterverts               0/65536           0/786432   ( 0.0%) 
waterindices           150/65536         300/131072   ( 0.2%) 
cubemapsamples           0/1024            0/16384    ( 0.0%) 
overlays                 0/512             0/180224   ( 0.0%) 
LDR lightdata         [variable]      211088/0        ( 0.0%) 
HDR lightdata         [variable]           0/0        ( 0.0%) 
visdata               [variable]        1839/16777216 ( 0.0%) 
entdata               [variable]         870/393216   ( 0.2%) 
LDR ambient table      187/65536         748/262144   ( 0.3%) 
HDR ambient table      187/65536         748/262144   ( 0.3%) 
LDR leaf ambient       681/65536       19068/1835008  ( 1.0%) 
HDR leaf ambient       187/65536        5236/1835008  ( 0.3%) 
occluders                0/0               0/0        ( 0.0%) 
occluder polygons        0/0               0/0        ( 0.0%) 
occluder vert ind        0/0               0/0        ( 0.0%) 
detail props          [variable]           1/12       ( 8.3%) 
static props          [variable]           1/12       ( 8.3%) 
pakfile               [variable]      174231/0        ( 0.0%) 
physics               [variable]       13478/4194304  ( 0.3%) 
physics terrain       [variable]           2/1048576  ( 0.0%) 

Level flags = 0

Total triangle count: 646
Writing d:\maps\hl2\map.bsp
0 seconds elapsed
